# JRE version: Java(TM) SE Runtime Environment (8.0_102-b14) (build 1.8.0_102-b14)
# Java VM: Java HotSpot(TM) 64-Bit Server VM (25.102-b14 mixed mode windows-amd64 compressed oops)
Heap:
 PSYoungGen      total 11776K, used 6708K [0x00000000d6200000, 0x00000000d7400000, 0x0000000100000000)
  eden space 8704K, 41% used [0x00000000d6200000,0x00000000d6590fe0,0x00000000d6a80000)
  from space 3072K, 99% used [0x00000000d7100000,0x00000000d73fc250,0x00000000d7400000)
  to   space 4608K, 0% used [0x00000000d6b00000,0x00000000d6b00000,0x00000000d6f80000)
 ParOldGen       total 9728K, used 5316K [0x0000000082600000, 0x0000000082f80000, 0x00000000d6200000)
  object space 9728K, 54% used [0x0000000082600000,0x0000000082b312f0,0x0000000082f80000)
 Metaspace       used 7645K, capacity 8436K, committed 8704K, reserved 1056768K
  class space    used 906K, capacity 944K, committed 1024K, reserved 1048576K
GC Heap History (10 events):
Event: 0.848 GC heap before
{Heap before GC invocations=3 (full 0):
 PSYoungGen      total 3584K, used 3568K [0x00000000d6200000, 0x00000000d6600000, 0x0000000100000000)
  eden space 3072K, 100% used [0x00000000d6200000,0x00000000d6500000,0x00000000d6500000)
  from space 512K, 96% used [0x00000000d6580000,0x00000000d65fc010,0x00000000d6600000)
  to   space 512K, 0% used [0x00000000d6500000,0x00000000d6500000,0x00000000d6580000)
 ParOldGen       total 5632K, used 224K [0x0000000082600000, 0x0000000082b80000, 0x00000000d6200000)
  object space 5632K, 3% used [0x0000000082600000,0x0000000082638030,0x0000000082b80000)
 Metaspace       used 5020K, capacity 6348K, committed 6656K, reserved 1056768K
  class space    used 611K, capacity 648K, committed 768K, reserved 1048576K
Event: 0.853 GC heap after
Heap after GC invocations=3 (full 0):
 PSYoungGen      total 3584K, used 496K [0x00000000d6200000, 0x00000000d6900000, 0x0000000100000000)
  eden space 3072K, 0% used [0x00000000d6200000,0x00000000d6200000,0x00000000d6500000)
  from space 512K, 96% used [0x00000000d6500000,0x00000000d657c020,0x00000000d6580000)
  to   space 512K, 0% used [0x00000000d6880000,0x00000000d6880000,0x00000000d6900000)
 ParOldGen       total 5632K, used 516K [0x0000000082600000, 0x0000000082b80000, 0x00000000d6200000)
  object space 5632K, 9% used [0x0000000082600000,0x0000000082681070,0x0000000082b80000)
 Metaspace       used 5020K, capacity 6348K, committed 6656K, reserved 1056768K
  class space    used 611K, capacity 648K, committed 768K, reserved 1048576K
}
Event: 1.214 GC heap before
{Heap before GC invocations=4 (full 0):
 PSYoungGen      total 3584K, used 3568K [0x00000000d6200000, 0x00000000d6900000, 0x0000000100000000)
  eden space 3072K, 100% used [0x00000000d6200000,0x00000000d6500000,0x00000000d6500000)
  from space 512K, 96% used [0x00000000d6500000,0x00000000d657c020,0x00000000d6580000)
  to   space 512K, 0% used [0x00000000d6880000,0x00000000d6880000,0x00000000d6900000)
 ParOldGen       total 5632K, used 516K [0x0000000082600000, 0x0000000082b80000, 0x00000000d6200000)
  object space 5632K, 9% used [0x0000000082600000,0x0000000082681070,0x0000000082b80000)
 Metaspace       used 6138K, capacity 7372K, committed 7552K, reserved 1056768K
  class space    used 763K, capacity 776K, committed 896K, reserved 1048576K
Event: 1.218 GC heap after
Heap after GC invocations=4 (full 0):
 PSYoungGen      total 6656K, used 480K [0x00000000d6200000, 0x00000000d6900000, 0x0000000100000000)
  eden space 6144K, 0% used [0x00000000d6200000,0x00000000d6200000,0x00000000d6800000)
  from space 512K, 93% used [0x00000000d6880000,0x00000000d68f8010,0x00000000d6900000)
  to   space 512K, 0% used [0x00000000d6800000,0x00000000d6800000,0x00000000d6880000)
 ParOldGen       total 5632K, used 904K [0x0000000082600000, 0x0000000082b80000, 0x00000000d6200000)
  object space 5632K, 16% used [0x0000000082600000,0x00000000826e2170,0x0000000082b80000)
 Metaspace       used 6138K, capacity 7372K, committed 7552K, reserved 1056768K
  class space    used 763K, capacity 776K, committed 896K, reserved 1048576K
}
Event: 1.816 GC heap before
{Heap before GC invocations=5 (full 0):
 PSYoungGen      total 6656K, used 6624K [0x00000000d6200000, 0x00000000d6900000, 0x0000000100000000)
  eden space 6144K, 100% used [0x00000000d6200000,0x00000000d6800000,0x00000000d6800000)
  from space 512K, 93% used [0x00000000d6880000,0x00000000d68f8010,0x00000000d6900000)
  to   space 512K, 0% used [0x00000000d6800000,0x00000000d6800000,0x00000000d6880000)
 ParOldGen       total 5632K, used 904K [0x0000000082600000, 0x0000000082b80000, 0x00000000d6200000)
  object space 5632K, 16% used [0x0000000082600000,0x00000000826e2170,0x0000000082b80000)
 Metaspace       used 7404K, capacity 8276K, committed 8448K, reserved 1056768K
  class space    used 883K, capacity 912K, committed 1024K, reserved 1048576K
Event: 1.842 GC heap after
Heap after GC invocations=5 (full 0):
 PSYoungGen      total 6656K, used 490K [0x00000000d6200000, 0x00000000d7400000, 0x0000000100000000)
  eden space 6144K, 0% used [0x00000000d6200000,0x00000000d6200000,0x00000000d6800000)
  from space 512K, 95% used [0x00000000d6800000,0x00000000d687aa28,0x00000000d6880000)
  to   space 3072K, 0% used [0x00000000d7100000,0x00000000d7100000,0x00000000d7400000)
 ParOldGen       total 5632K, used 4050K [0x0000000082600000, 0x0000000082b80000, 0x00000000d6200000)
  object space 5632K, 71% used [0x0000000082600000,0x00000000829f48e8,0x0000000082b80000)
 Metaspace       used 7404K, capacity 8276K, committed 8448K, reserved 1056768K
  class space    used 883K, capacity 912K, committed 1024K, reserved 1048576K
}
Event: 1.842 GC heap before
{Heap before GC invocations=6 (full 1):
 PSYoungGen      total 6656K, used 490K [0x00000000d6200000, 0x00000000d7400000, 0x0000000100000000)
  eden space 6144K, 0% used [0x00000000d6200000,0x00000000d6200000,0x00000000d6800000)
  from space 512K, 95% used [0x00000000d6800000,0x00000000d687aa28,0x00000000d6880000)
  to   space 3072K, 0% used [0x00000000d7100000,0x00000000d7100000,0x00000000d7400000)
 ParOldGen       total 5632K, used 4050K [0x0000000082600000, 0x0000000082b80000, 0x00000000d6200000)
  object space 5632K, 71% used [0x0000000082600000,0x00000000829f48e8,0x0000000082b80000)
 Metaspace       used 7404K, capacity 8276K, committed 8448K, reserved 1056768K
  class space    used 883K, capacity 912K, committed 1024K, reserved 1048576K
Event: 1.930 GC heap after
Heap after GC invocations=6 (full 1):
 PSYoungGen      total 6656K, used 0K [0x00000000d6200000, 0x00000000d7400000, 0x0000000100000000)
  eden space 6144K, 0% used [0x00000000d6200000,0x00000000d6200000,0x00000000d6800000)
  from space 512K, 0% used [0x00000000d6800000,0x00000000d6800000,0x00000000d6880000)
  to   space 3072K, 0% used [0x00000000d7100000,0x00000000d7100000,0x00000000d7400000)
 ParOldGen       total 9728K, used 4430K [0x0000000082600000, 0x0000000082f80000, 0x00000000d6200000)
  object space 9728K, 45% used [0x0000000082600000,0x0000000082a53970,0x0000000082f80000)
 Metaspace       used 7404K, capacity 8276K, committed 8448K, reserved 1056768K
  class space    used 883K, capacity 912K, committed 1024K, reserved 1048576K
}
Event: 2.190 GC heap before
{Heap before GC invocations=7 (full 1):
 PSYoungGen      total 6656K, used 6144K [0x00000000d6200000, 0x00000000d7400000, 0x0000000100000000)
  eden space 6144K, 100% used [0x00000000d6200000,0x00000000d6800000,0x00000000d6800000)
  from space 512K, 0% used [0x00000000d6800000,0x00000000d6800000,0x00000000d6880000)
  to   space 3072K, 0% used [0x00000000d7100000,0x00000000d7100000,0x00000000d7400000)
 ParOldGen       total 9728K, used 4430K [0x0000000082600000, 0x0000000082f80000, 0x00000000d6200000)
  object space 9728K, 45% used [0x0000000082600000,0x0000000082a53970,0x0000000082f80000)
 Metaspace       used 7547K, capacity 8372K, committed 8704K, reserved 1056768K
  class space    used 901K, capacity 944K, committed 1024K, reserved 1048576K
Event: 2.206 GC heap after
Heap after GC invocations=7 (full 1):
 PSYoungGen      total 11776K, used 3056K [0x00000000d6200000, 0x00000000d7400000, 0x0000000100000000)
  eden space 8704K, 0% used [0x00000000d6200000,0x00000000d6200000,0x00000000d6a80000)
  from space 3072K, 99% used [0x00000000d7100000,0x00000000d73fc250,0x00000000d7400000)
  to   space 4608K, 0% used [0x00000000d6b00000,0x00000000d6b00000,0x00000000d6f80000)
 ParOldGen       total 9728K, used 5316K [0x0000000082600000, 0x0000000082f80000, 0x00000000d6200000)
  object space 9728K, 54% used [0x0000000082600000,0x0000000082b312f0,0x0000000082f80000)
 Metaspace       used 7547K, capacity 8372K, committed 8704K, reserved 1056768K
  class space    used 901K, capacity 944K, committed 1024K, reserved 1048576K
}

