# JRE version: Java(TM) SE Runtime Environment (8.0_102-b14) (build 1.8.0_102-b14)
# Java VM: Java HotSpot(TM) 64-Bit Server VM (25.102-b14 mixed mode windows-amd64 compressed oops)
Heap:
 PSYoungGen      total 12800K, used 10538K [0x00000000d6200000, 0x00000000d7400000, 0x0000000100000000)
  eden space 8192K, 84% used [0x00000000d6200000,0x00000000d68b9d30,0x00000000d6a00000)
  from space 4608K, 79% used [0x00000000d6b00000,0x00000000d6e90bc0,0x00000000d6f80000)
  to   space 3072K, 0% used [0x00000000d7100000,0x00000000d7100000,0x00000000d7400000)
 ParOldGen       total 10240K, used 5363K [0x0000000082600000, 0x0000000083000000, 0x00000000d6200000)
  object space 10240K, 52% used [0x0000000082600000,0x0000000082b3cf18,0x0000000083000000)
 Metaspace       used 8530K, capacity 9024K, committed 9216K, reserved 1056768K
  class space    used 987K, capacity 1012K, committed 1024K, reserved 1048576K
GC Heap History (10 events):
Event: 1.224 GC heap before
{Heap before GC invocations=4 (full 0):
 PSYoungGen      total 3584K, used 3552K [0x00000000d6200000, 0x00000000d6900000, 0x0000000100000000)
  eden space 3072K, 100% used [0x00000000d6200000,0x00000000d6500000,0x00000000d6500000)
  from space 512K, 93% used [0x00000000d6500000,0x00000000d6578030,0x00000000d6580000)
  to   space 512K, 0% used [0x00000000d6880000,0x00000000d6880000,0x00000000d6900000)
 ParOldGen       total 5632K, used 520K [0x0000000082600000, 0x0000000082b80000, 0x00000000d6200000)
  object space 5632K, 9% used [0x0000000082600000,0x0000000082682040,0x0000000082b80000)
 Metaspace       used 6139K, capacity 7372K, committed 7552K, reserved 1056768K
  class space    used 763K, capacity 776K, committed 896K, reserved 1048576K
Event: 1.227 GC heap after
Heap after GC invocations=4 (full 0):
 PSYoungGen      total 6656K, used 480K [0x00000000d6200000, 0x00000000d6900000, 0x0000000100000000)
  eden space 6144K, 0% used [0x00000000d6200000,0x00000000d6200000,0x00000000d6800000)
  from space 512K, 93% used [0x00000000d6880000,0x00000000d68f8030,0x00000000d6900000)
  to   space 512K, 0% used [0x00000000d6800000,0x00000000d6800000,0x00000000d6880000)
 ParOldGen       total 5632K, used 892K [0x0000000082600000, 0x0000000082b80000, 0x00000000d6200000)
  object space 5632K, 15% used [0x0000000082600000,0x00000000826df328,0x0000000082b80000)
 Metaspace       used 6139K, capacity 7372K, committed 7552K, reserved 1056768K
  class space    used 763K, capacity 776K, committed 896K, reserved 1048576K
}
Event: 1.848 GC heap before
{Heap before GC invocations=5 (full 0):
 PSYoungGen      total 6656K, used 6624K [0x00000000d6200000, 0x00000000d6900000, 0x0000000100000000)
  eden space 6144K, 100% used [0x00000000d6200000,0x00000000d6800000,0x00000000d6800000)
  from space 512K, 93% used [0x00000000d6880000,0x00000000d68f8030,0x00000000d6900000)
  to   space 512K, 0% used [0x00000000d6800000,0x00000000d6800000,0x00000000d6880000)
 ParOldGen       total 5632K, used 892K [0x0000000082600000, 0x0000000082b80000, 0x00000000d6200000)
  object space 5632K, 15% used [0x0000000082600000,0x00000000826df328,0x0000000082b80000)
 Metaspace       used 7388K, capacity 8276K, committed 8448K, reserved 1056768K
  class space    used 883K, capacity 912K, committed 1024K, reserved 1048576K
Event: 1.871 GC heap after
Heap after GC invocations=5 (full 0):
 PSYoungGen      total 6656K, used 480K [0x00000000d6200000, 0x00000000d7400000, 0x0000000100000000)
  eden space 6144K, 0% used [0x00000000d6200000,0x00000000d6200000,0x00000000d6800000)
  from space 512K, 93% used [0x00000000d6800000,0x00000000d6878010,0x00000000d6880000)
  to   space 3072K, 0% used [0x00000000d7100000,0x00000000d7100000,0x00000000d7400000)
 ParOldGen       total 5632K, used 4038K [0x0000000082600000, 0x0000000082b80000, 0x00000000d6200000)
  object space 5632K, 71% used [0x0000000082600000,0x00000000829f19a8,0x0000000082b80000)
 Metaspace       used 7388K, capacity 8276K, committed 8448K, reserved 1056768K
  class space    used 883K, capacity 912K, committed 1024K, reserved 1048576K
}
Event: 1.871 GC heap before
{Heap before GC invocations=6 (full 1):
 PSYoungGen      total 6656K, used 480K [0x00000000d6200000, 0x00000000d7400000, 0x0000000100000000)
  eden space 6144K, 0% used [0x00000000d6200000,0x00000000d6200000,0x00000000d6800000)
  from space 512K, 93% used [0x00000000d6800000,0x00000000d6878010,0x00000000d6880000)
  to   space 3072K, 0% used [0x00000000d7100000,0x00000000d7100000,0x00000000d7400000)
 ParOldGen       total 5632K, used 4038K [0x0000000082600000, 0x0000000082b80000, 0x00000000d6200000)
  object space 5632K, 71% used [0x0000000082600000,0x00000000829f19a8,0x0000000082b80000)
 Metaspace       used 7388K, capacity 8276K, committed 8448K, reserved 1056768K
  class space    used 883K, capacity 912K, committed 1024K, reserved 1048576K
Event: 1.988 GC heap after
Heap after GC invocations=6 (full 1):
 PSYoungGen      total 6656K, used 0K [0x00000000d6200000, 0x00000000d7400000, 0x0000000100000000)
  eden space 6144K, 0% used [0x00000000d6200000,0x00000000d6200000,0x00000000d6800000)
  from space 512K, 0% used [0x00000000d6800000,0x00000000d6800000,0x00000000d6880000)
  to   space 3072K, 0% used [0x00000000d7100000,0x00000000d7100000,0x00000000d7400000)
 ParOldGen       total 10240K, used 4451K [0x0000000082600000, 0x0000000083000000, 0x00000000d6200000)
  object space 10240K, 43% used [0x0000000082600000,0x0000000082a58f18,0x0000000083000000)
 Metaspace       used 7388K, capacity 8276K, committed 8448K, reserved 1056768K
  class space    used 883K, capacity 912K, committed 1024K, reserved 1048576K
}
Event: 2.235 GC heap before
{Heap before GC invocations=7 (full 1):
 PSYoungGen      total 6656K, used 6144K [0x00000000d6200000, 0x00000000d7400000, 0x0000000100000000)
  eden space 6144K, 100% used [0x00000000d6200000,0x00000000d6800000,0x00000000d6800000)
  from space 512K, 0% used [0x00000000d6800000,0x00000000d6800000,0x00000000d6880000)
  to   space 3072K, 0% used [0x00000000d7100000,0x00000000d7100000,0x00000000d7400000)
 ParOldGen       total 10240K, used 4451K [0x0000000082600000, 0x0000000083000000, 0x00000000d6200000)
  object space 10240K, 43% used [0x0000000082600000,0x0000000082a58f18,0x0000000083000000)
 Metaspace       used 7534K, capacity 8308K, committed 8448K, reserved 1056768K
  class space    used 901K, capacity 944K, committed 1024K, reserved 1048576K
Event: 2.246 GC heap after
Heap after GC invocations=7 (full 1):
 PSYoungGen      total 11264K, used 3049K [0x00000000d6200000, 0x00000000d7400000, 0x0000000100000000)
  eden space 8192K, 0% used [0x00000000d6200000,0x00000000d6200000,0x00000000d6a00000)
  from space 3072K, 99% used [0x00000000d7100000,0x00000000d73fa748,0x00000000d7400000)
  to   space 4608K, 0% used [0x00000000d6b00000,0x00000000d6b00000,0x00000000d6f80000)
 ParOldGen       total 10240K, used 5355K [0x0000000082600000, 0x0000000083000000, 0x00000000d6200000)
  object space 10240K, 52% used [0x0000000082600000,0x0000000082b3af18,0x0000000083000000)
 Metaspace       used 7534K, capacity 8308K, committed 8448K, reserved 1056768K
  class space    used 901K, capacity 944K, committed 1024K, reserved 1048576K
}
Event: 2.508 GC heap before
{Heap before GC invocations=8 (full 1):
 PSYoungGen      total 11264K, used 11241K [0x00000000d6200000, 0x00000000d7400000, 0x0000000100000000)
  eden space 8192K, 100% used [0x00000000d6200000,0x00000000d6a00000,0x00000000d6a00000)
  from space 3072K, 99% used [0x00000000d7100000,0x00000000d73fa748,0x00000000d7400000)
  to   space 4608K, 0% used [0x00000000d6b00000,0x00000000d6b00000,0x00000000d6f80000)
 ParOldGen       total 10240K, used 5355K [0x0000000082600000, 0x0000000083000000, 0x00000000d6200000)
  object space 10240K, 52% used [0x0000000082600000,0x0000000082b3af18,0x0000000083000000)
 Metaspace       used 7745K, capacity 8500K, committed 8704K, reserved 1056768K
  class space    used 914K, capacity 944K, committed 1024K, reserved 1048576K
Event: 2.522 GC heap after
Heap after GC invocations=8 (full 1):
 PSYoungGen      total 12800K, used 3650K [0x00000000d6200000, 0x00000000d7400000, 0x0000000100000000)
  eden space 8192K, 0% used [0x00000000d6200000,0x00000000d6200000,0x00000000d6a00000)
  from space 4608K, 79% used [0x00000000d6b00000,0x00000000d6e90bc0,0x00000000d6f80000)
  to   space 3072K, 0% used [0x00000000d7100000,0x00000000d7100000,0x00000000d7400000)
 ParOldGen       total 10240K, used 5363K [0x0000000082600000, 0x0000000083000000, 0x00000000d6200000)
  object space 10240K, 52% used [0x0000000082600000,0x0000000082b3cf18,0x0000000083000000)
 Metaspace       used 7745K, capacity 8500K, committed 8704K, reserved 1056768K
  class space    used 914K, capacity 944K, committed 1024K, reserved 1048576K
}

